# JRE version: OpenJDK Runtime Environment (8.0_111-b14) (build 1.8.0_111-8u111-b14-2ubuntu0.16.04.2-b14)
# Java VM: OpenJDK Server VM (25.111-b14 mixed mode linux-x86 )
Heap:
 PSYoungGen      total 16128K, used 6315K [0x95200000, 0x96400000, 0xa6e00000)
  eden space 13824K, 31% used [0x95200000,0x95647440,0x95f80000)
  from space 2304K, 83% used [0x961c0000,0x963a3a88,0x96400000)
  to   space 2304K, 0% used [0x95f80000,0x95f80000,0x961c0000)
 ParOldGen       total 36864K, used 16K [0x71a00000, 0x73e00000, 0x95200000)
  object space 36864K, 0% used [0x71a00000,0x71a04000,0x73e00000)
 Metaspace       used 7975K, capacity 8140K, committed 8216K, reserved 8496K
GC Heap History (8 events):
Event: 738,145 GC heap before
{Heap before GC invocations=1 (full 0):
 PSYoungGen      total 16128K, used 13824K [0x95200000, 0x96400000, 0xa6e00000)
  eden space 13824K, 100% used [0x95200000,0x95f80000,0x95f80000)
  from space 2304K, 0% used [0x961c0000,0x961c0000,0x96400000)
  to   space 2304K, 0% used [0x95f80000,0x95f80000,0x961c0000)
 ParOldGen       total 36864K, used 0K [0x71a00000, 0x73e00000, 0x95200000)
  object space 36864K, 0% used [0x71a00000,0x71a00000,0x73e00000)
 Metaspace       used 7955K, capacity 8140K, committed 8216K, reserved 8496K
Event: 738,166 GC heap after
Heap after GC invocations=1 (full 0):
 PSYoungGen      total 16128K, used 2141K [0x95200000, 0x96400000, 0xa6e00000)
  eden space 13824K, 0% used [0x95200000,0x95200000,0x95f80000)
  from space 2304K, 92% used [0x95f80000,0x96197660,0x961c0000)
  to   space 2304K, 0% used [0x961c0000,0x961c0000,0x96400000)
 ParOldGen       total 36864K, used 4K [0x71a00000, 0x73e00000, 0x95200000)
  object space 36864K, 0% used [0x71a00000,0x71a01000,0x73e00000)
 Metaspace       used 7955K, capacity 8140K, committed 8216K, reserved 8496K
}
Event: 2023,959 GC heap before
{Heap before GC invocations=2 (full 0):
 PSYoungGen      total 16128K, used 15965K [0x95200000, 0x96400000, 0xa6e00000)
  eden space 13824K, 100% used [0x95200000,0x95f80000,0x95f80000)
  from space 2304K, 92% used [0x95f80000,0x96197660,0x961c0000)
  to   space 2304K, 0% used [0x961c0000,0x961c0000,0x96400000)
 ParOldGen       total 36864K, used 4K [0x71a00000, 0x73e00000, 0x95200000)
  object space 36864K, 0% used [0x71a00000,0x71a01000,0x73e00000)
 Metaspace       used 7963K, capacity 8140K, committed 8216K, reserved 8496K
Event: 2023,969 GC heap after
Heap after GC invocations=2 (full 0):
 PSYoungGen      total 16128K, used 2125K [0x95200000, 0x96400000, 0xa6e00000)
  eden space 13824K, 0% used [0x95200000,0x95200000,0x95f80000)
  from space 2304K, 92% used [0x961c0000,0x963d3660,0x96400000)
  to   space 2304K, 0% used [0x95f80000,0x95f80000,0x961c0000)
 ParOldGen       total 36864K, used 8K [0x71a00000, 0x73e00000, 0x95200000)
  object space 36864K, 0% used [0x71a00000,0x71a02000,0x73e00000)
 Metaspace       used 7963K, capacity 8140K, committed 8216K, reserved 8496K
}
Event: 3371,071 GC heap before
{Heap before GC invocations=3 (full 0):
 PSYoungGen      total 16128K, used 15949K [0x95200000, 0x96400000, 0xa6e00000)
  eden space 13824K, 100% used [0x95200000,0x95f80000,0x95f80000)
  from space 2304K, 92% used [0x961c0000,0x963d3660,0x96400000)
  to   space 2304K, 0% used [0x95f80000,0x95f80000,0x961c0000)
 ParOldGen       total 36864K, used 8K [0x71a00000, 0x73e00000, 0x95200000)
  object space 36864K, 0% used [0x71a00000,0x71a02000,0x73e00000)
 Metaspace       used 7967K, capacity 8140K, committed 8216K, reserved 8496K
Event: 3371,081 GC heap after
Heap after GC invocations=3 (full 0):
 PSYoungGen      total 16128K, used 1965K [0x95200000, 0x96400000, 0xa6e00000)
  eden space 13824K, 0% used [0x95200000,0x95200000,0x95f80000)
  from space 2304K, 85% used [0x95f80000,0x9616b660,0x961c0000)
  to   space 2304K, 0% used [0x961c0000,0x961c0000,0x96400000)
 ParOldGen       total 36864K, used 12K [0x71a00000, 0x73e00000, 0x95200000)
  object space 36864K, 0% used [0x71a00000,0x71a03000,0x73e00000)
 Metaspace       used 7967K, capacity 8140K, committed 8216K, reserved 8496K
}
Event: 4708,342 GC heap before
{Heap before GC invocations=4 (full 0):
 PSYoungGen      total 16128K, used 15789K [0x95200000, 0x96400000, 0xa6e00000)
  eden space 13824K, 100% used [0x95200000,0x95f80000,0x95f80000)
  from space 2304K, 85% used [0x95f80000,0x9616b660,0x961c0000)
  to   space 2304K, 0% used [0x961c0000,0x961c0000,0x96400000)
 ParOldGen       total 36864K, used 12K [0x71a00000, 0x73e00000, 0x95200000)
  object space 36864K, 0% used [0x71a00000,0x71a03000,0x73e00000)
 Metaspace       used 7968K, capacity 8140K, committed 8216K, reserved 8496K
Event: 4708,349 GC heap after
Heap after GC invocations=4 (full 0):
 PSYoungGen      total 16128K, used 1934K [0x95200000, 0x96400000, 0xa6e00000)
  eden space 13824K, 0% used [0x95200000,0x95200000,0x95f80000)
  from space 2304K, 83% used [0x961c0000,0x963a3a88,0x96400000)
  to   space 2304K, 0% used [0x95f80000,0x95f80000,0x961c0000)
 ParOldGen       total 36864K, used 16K [0x71a00000, 0x73e00000, 0x95200000)
  object space 36864K, 0% used [0x71a00000,0x71a04000,0x73e00000)
 Metaspace       used 7968K, capacity 8140K, committed 8216K, reserved 8496K
}

